ERROR - 2023-10-07 08:33:48 --> ErrorException: pg_query(): Query failed: ERROR:  null value in column &quot;user_id&quot; of relation &quot;products&quot; violates not-null constraint
DETAIL:  Failing row contains (12, Example Product, 19.99, null). in /home/dylan/Desktop/Codeigniter/mine/multi-models/system/Database/Postgre/Connection.php:187
Stack trace:
#0 [internal function]: CodeIgniter\Debug\Exceptions->errorHandler()
#1 /home/dylan/Desktop/Codeigniter/mine/multi-models/system/Database/Postgre/Connection.php(187): pg_query()
#2 /home/dylan/Desktop/Codeigniter/mine/multi-models/system/Database/BaseConnection.php(692): CodeIgniter\Database\Postgre\Connection->execute()
#3 /home/dylan/Desktop/Codeigniter/mine/multi-models/system/Database/BaseConnection.php(606): CodeIgniter\Database\BaseConnection->simpleQuery()
#4 /home/dylan/Desktop/Codeigniter/mine/multi-models/system/Database/BaseBuilder.php(2309): CodeIgniter\Database\BaseConnection->query()
#5 /home/dylan/Desktop/Codeigniter/mine/multi-models/system/Model.php(330): CodeIgniter\Database\BaseBuilder->insert()
#6 /home/dylan/Desktop/Codeigniter/mine/multi-models/system/BaseModel.php(782): CodeIgniter\Model->doInsert()
#7 /home/dylan/Desktop/Codeigniter/mine/multi-models/system/Model.php(730): CodeIgniter\BaseModel->insert()
#8 /home/dylan/Desktop/Codeigniter/mine/multi-models/app/Libraries/MultiModels.php(41): CodeIgniter\Model->insert()
#9 /home/dylan/Desktop/Codeigniter/mine/multi-models/app/Controllers/TestController.php(32): App\Libraries\MultiModels->do_insert()
#10 /home/dylan/Desktop/Codeigniter/mine/multi-models/system/CodeIgniter.php(932): App\Controllers\TestController->index()
#11 /home/dylan/Desktop/Codeigniter/mine/multi-models/system/CodeIgniter.php(497): CodeIgniter\CodeIgniter->runController()
#12 /home/dylan/Desktop/Codeigniter/mine/multi-models/system/CodeIgniter.php(366): CodeIgniter\CodeIgniter->handleRequest()
#13 /home/dylan/Desktop/Codeigniter/mine/multi-models/public/index.php(67): CodeIgniter\CodeIgniter->run()
#14 /home/dylan/Desktop/Codeigniter/mine/multi-models/system/Commands/Server/rewrite.php(47): require_once('...')
#15 {main}
CRITICAL - 2023-10-07 08:34:52 --> syntax error, unexpected variable "$model", expecting "," or ";"
in APPPATH/Libraries/MultiModels.php on line 41.
 1 SYSTEMPATH/Autoloader/Autoloader.php(289): CodeIgniter\Autoloader\Autoloader->includeFile()
 2 SYSTEMPATH/Autoloader/Autoloader.php(267): CodeIgniter\Autoloader\Autoloader->loadInNamespace()
 3 APPPATH/Controllers/TestController.php(29): CodeIgniter\Autoloader\Autoloader->loadClass()
 4 SYSTEMPATH/CodeIgniter.php(932): App\Controllers\TestController->index()
 5 SYSTEMPATH/CodeIgniter.php(497): CodeIgniter\CodeIgniter->runController()
 6 SYSTEMPATH/CodeIgniter.php(366): CodeIgniter\CodeIgniter->handleRequest()
 7 FCPATH/index.php(67): CodeIgniter\CodeIgniter->run()
 8 SYSTEMPATH/Commands/Server/rewrite.php(47): require_once('/home/dylan/Desktop/Codeigniter/mine/multi-models/public/index.php')
ERROR - 2023-10-07 08:35:05 --> ErrorException: pg_query(): Query failed: ERROR:  null value in column &quot;user_id&quot; of relation &quot;products&quot; violates not-null constraint
DETAIL:  Failing row contains (13, Example Product, 19.99, null). in /home/dylan/Desktop/Codeigniter/mine/multi-models/system/Database/Postgre/Connection.php:187
Stack trace:
#0 [internal function]: CodeIgniter\Debug\Exceptions->errorHandler()
#1 /home/dylan/Desktop/Codeigniter/mine/multi-models/system/Database/Postgre/Connection.php(187): pg_query()
#2 /home/dylan/Desktop/Codeigniter/mine/multi-models/system/Database/BaseConnection.php(692): CodeIgniter\Database\Postgre\Connection->execute()
#3 /home/dylan/Desktop/Codeigniter/mine/multi-models/system/Database/BaseConnection.php(606): CodeIgniter\Database\BaseConnection->simpleQuery()
#4 /home/dylan/Desktop/Codeigniter/mine/multi-models/system/Database/BaseBuilder.php(2309): CodeIgniter\Database\BaseConnection->query()
#5 /home/dylan/Desktop/Codeigniter/mine/multi-models/system/Model.php(330): CodeIgniter\Database\BaseBuilder->insert()
#6 /home/dylan/Desktop/Codeigniter/mine/multi-models/system/BaseModel.php(782): CodeIgniter\Model->doInsert()
#7 /home/dylan/Desktop/Codeigniter/mine/multi-models/system/Model.php(730): CodeIgniter\BaseModel->insert()
#8 /home/dylan/Desktop/Codeigniter/mine/multi-models/app/Libraries/MultiModels.php(44): CodeIgniter\Model->insert()
#9 /home/dylan/Desktop/Codeigniter/mine/multi-models/app/Controllers/TestController.php(32): App\Libraries\MultiModels->do_insert()
#10 /home/dylan/Desktop/Codeigniter/mine/multi-models/system/CodeIgniter.php(932): App\Controllers\TestController->index()
#11 /home/dylan/Desktop/Codeigniter/mine/multi-models/system/CodeIgniter.php(497): CodeIgniter\CodeIgniter->runController()
#12 /home/dylan/Desktop/Codeigniter/mine/multi-models/system/CodeIgniter.php(366): CodeIgniter\CodeIgniter->handleRequest()
#13 /home/dylan/Desktop/Codeigniter/mine/multi-models/public/index.php(67): CodeIgniter\CodeIgniter->run()
#14 /home/dylan/Desktop/Codeigniter/mine/multi-models/system/Commands/Server/rewrite.php(47): require_once('...')
#15 {main}
ERROR - 2023-10-07 08:35:48 --> ErrorException: pg_query(): Query failed: ERROR:  null value in column &quot;user_id&quot; of relation &quot;products&quot; violates not-null constraint
DETAIL:  Failing row contains (14, Example Product, 19.99, null). in /home/dylan/Desktop/Codeigniter/mine/multi-models/system/Database/Postgre/Connection.php:187
Stack trace:
#0 [internal function]: CodeIgniter\Debug\Exceptions->errorHandler()
#1 /home/dylan/Desktop/Codeigniter/mine/multi-models/system/Database/Postgre/Connection.php(187): pg_query()
#2 /home/dylan/Desktop/Codeigniter/mine/multi-models/system/Database/BaseConnection.php(692): CodeIgniter\Database\Postgre\Connection->execute()
#3 /home/dylan/Desktop/Codeigniter/mine/multi-models/system/Database/BaseConnection.php(606): CodeIgniter\Database\BaseConnection->simpleQuery()
#4 /home/dylan/Desktop/Codeigniter/mine/multi-models/system/Database/BaseBuilder.php(2309): CodeIgniter\Database\BaseConnection->query()
#5 /home/dylan/Desktop/Codeigniter/mine/multi-models/system/Model.php(330): CodeIgniter\Database\BaseBuilder->insert()
#6 /home/dylan/Desktop/Codeigniter/mine/multi-models/system/BaseModel.php(782): CodeIgniter\Model->doInsert()
#7 /home/dylan/Desktop/Codeigniter/mine/multi-models/system/Model.php(730): CodeIgniter\BaseModel->insert()
#8 /home/dylan/Desktop/Codeigniter/mine/multi-models/app/Libraries/MultiModels.php(44): CodeIgniter\Model->insert()
#9 /home/dylan/Desktop/Codeigniter/mine/multi-models/app/Controllers/TestController.php(32): App\Libraries\MultiModels->do_insert()
#10 /home/dylan/Desktop/Codeigniter/mine/multi-models/system/CodeIgniter.php(932): App\Controllers\TestController->index()
#11 /home/dylan/Desktop/Codeigniter/mine/multi-models/system/CodeIgniter.php(497): CodeIgniter\CodeIgniter->runController()
#12 /home/dylan/Desktop/Codeigniter/mine/multi-models/system/CodeIgniter.php(366): CodeIgniter\CodeIgniter->handleRequest()
#13 /home/dylan/Desktop/Codeigniter/mine/multi-models/public/index.php(67): CodeIgniter\CodeIgniter->run()
#14 /home/dylan/Desktop/Codeigniter/mine/multi-models/system/Commands/Server/rewrite.php(47): require_once('...')
#15 {main}
ERROR - 2023-10-07 08:45:38 --> ErrorException: pg_query(): Query failed: ERROR:  null value in column &quot;order_number&quot; of relation &quot;orders&quot; violates not-null constraint
DETAIL:  Failing row contains (1, null, 16, 2023-06-06). in /home/dylan/Desktop/Codeigniter/mine/multi-models/system/Database/Postgre/Connection.php:187
Stack trace:
#0 [internal function]: CodeIgniter\Debug\Exceptions->errorHandler()
#1 /home/dylan/Desktop/Codeigniter/mine/multi-models/system/Database/Postgre/Connection.php(187): pg_query()
#2 /home/dylan/Desktop/Codeigniter/mine/multi-models/system/Database/BaseConnection.php(692): CodeIgniter\Database\Postgre\Connection->execute()
#3 /home/dylan/Desktop/Codeigniter/mine/multi-models/system/Database/BaseConnection.php(606): CodeIgniter\Database\BaseConnection->simpleQuery()
#4 /home/dylan/Desktop/Codeigniter/mine/multi-models/system/Database/BaseBuilder.php(2309): CodeIgniter\Database\BaseConnection->query()
#5 /home/dylan/Desktop/Codeigniter/mine/multi-models/system/Model.php(330): CodeIgniter\Database\BaseBuilder->insert()
#6 /home/dylan/Desktop/Codeigniter/mine/multi-models/system/BaseModel.php(782): CodeIgniter\Model->doInsert()
#7 /home/dylan/Desktop/Codeigniter/mine/multi-models/system/Model.php(730): CodeIgniter\BaseModel->insert()
#8 /home/dylan/Desktop/Codeigniter/mine/multi-models/app/Libraries/MultiModels.php(44): CodeIgniter\Model->insert()
#9 /home/dylan/Desktop/Codeigniter/mine/multi-models/app/Controllers/TestController.php(36): App\Libraries\MultiModels->do_insert()
#10 /home/dylan/Desktop/Codeigniter/mine/multi-models/system/CodeIgniter.php(932): App\Controllers\TestController->index()
#11 /home/dylan/Desktop/Codeigniter/mine/multi-models/system/CodeIgniter.php(497): CodeIgniter\CodeIgniter->runController()
#12 /home/dylan/Desktop/Codeigniter/mine/multi-models/system/CodeIgniter.php(366): CodeIgniter\CodeIgniter->handleRequest()
#13 /home/dylan/Desktop/Codeigniter/mine/multi-models/public/index.php(67): CodeIgniter\CodeIgniter->run()
#14 /home/dylan/Desktop/Codeigniter/mine/multi-models/system/Commands/Server/rewrite.php(47): require_once('...')
#15 {main}
ERROR - 2023-10-07 08:49:20 --> ErrorException: pg_query(): Query failed: ERROR:  null value in column &quot;order_number&quot; of relation &quot;orders&quot; violates not-null constraint
DETAIL:  Failing row contains (2, null, 17, 2023-06-06). in /home/dylan/Desktop/Codeigniter/mine/multi-models/system/Database/Postgre/Connection.php:187
Stack trace:
#0 [internal function]: CodeIgniter\Debug\Exceptions->errorHandler()
#1 /home/dylan/Desktop/Codeigniter/mine/multi-models/system/Database/Postgre/Connection.php(187): pg_query()
#2 /home/dylan/Desktop/Codeigniter/mine/multi-models/system/Database/BaseConnection.php(692): CodeIgniter\Database\Postgre\Connection->execute()
#3 /home/dylan/Desktop/Codeigniter/mine/multi-models/system/Database/BaseConnection.php(606): CodeIgniter\Database\BaseConnection->simpleQuery()
#4 /home/dylan/Desktop/Codeigniter/mine/multi-models/system/Database/BaseBuilder.php(2309): CodeIgniter\Database\BaseConnection->query()
#5 /home/dylan/Desktop/Codeigniter/mine/multi-models/system/Model.php(330): CodeIgniter\Database\BaseBuilder->insert()
#6 /home/dylan/Desktop/Codeigniter/mine/multi-models/system/BaseModel.php(782): CodeIgniter\Model->doInsert()
#7 /home/dylan/Desktop/Codeigniter/mine/multi-models/system/Model.php(730): CodeIgniter\BaseModel->insert()
#8 /home/dylan/Desktop/Codeigniter/mine/multi-models/app/Libraries/MultiModels.php(44): CodeIgniter\Model->insert()
#9 /home/dylan/Desktop/Codeigniter/mine/multi-models/app/Controllers/TestController.php(36): App\Libraries\MultiModels->do_insert()
#10 /home/dylan/Desktop/Codeigniter/mine/multi-models/system/CodeIgniter.php(932): App\Controllers\TestController->index()
#11 /home/dylan/Desktop/Codeigniter/mine/multi-models/system/CodeIgniter.php(497): CodeIgniter\CodeIgniter->runController()
#12 /home/dylan/Desktop/Codeigniter/mine/multi-models/system/CodeIgniter.php(366): CodeIgniter\CodeIgniter->handleRequest()
#13 /home/dylan/Desktop/Codeigniter/mine/multi-models/public/index.php(67): CodeIgniter\CodeIgniter->run()
#14 /home/dylan/Desktop/Codeigniter/mine/multi-models/system/Commands/Server/rewrite.php(47): require_once('...')
#15 {main}
